<?xml version="1.0" encoding="UTF-8"?>
<testsuite xmlns:xsi="http://www.w3.org/2001/XMLSchema-instance" xsi:noNamespaceSchemaLocation="https://maven.apache.org/surefire/maven-surefire-plugin/xsd/surefire-test-report-3.0.xsd" version="3.0" name="com.gcu.Topic43ApplicationTests" time="2.439" tests="1" errors="0" skipped="0" failures="0">
  <properties>
    <property name="java.specification.version" value="23"/>
    <property name="sun.jnu.encoding" value="UTF-8"/>
    <property name="java.class.path" value="/Users/amypark/Documents/GitHub/CST-323/target/test-classes:/Users/amypark/Documents/GitHub/CST-323/target/classes:/Users/amypark/.m2/repository/com/google/cloud/sql/mysql-socket-factory-connector-j-8/1.18.1/mysql-socket-factory-connector-j-8-1.18.1.jar:/Users/amypark/.m2/repository/com/google/cloud/sql/jdbc-socket-factory-core/1.18.1/jdbc-socket-factory-core-1.18.1.jar:/Users/amypark/.m2/repository/com/github/jnr/jnr-enxio/0.32.17/jnr-enxio-0.32.17.jar:/Users/amypark/.m2/repository/com/github/jnr/jnr-constants/0.10.4/jnr-constants-0.10.4.jar:/Users/amypark/.m2/repository/com/github/jnr/jnr-ffi/2.2.16/jnr-ffi-2.2.16.jar:/Users/amypark/.m2/repository/com/github/jnr/jffi/1.3.13/jffi-1.3.13.jar:/Users/amypark/.m2/repository/com/github/jnr/jffi/1.3.13/jffi-1.3.13-native.jar:/Users/amypark/.m2/repository/org/ow2/asm/asm-commons/9.2/asm-commons-9.2.jar:/Users/amypark/.m2/repository/org/ow2/asm/asm-analysis/9.2/asm-analysis-9.2.jar:/Users/amypark/.m2/repository/org/ow2/asm/asm-tree/9.2/asm-tree-9.2.jar:/Users/amypark/.m2/repository/org/ow2/asm/asm-util/9.2/asm-util-9.2.jar:/Users/amypark/.m2/repository/com/github/jnr/jnr-a64asm/1.0.0/jnr-a64asm-1.0.0.jar:/Users/amypark/.m2/repository/com/github/jnr/jnr-x86asm/1.0.2/jnr-x86asm-1.0.2.jar:/Users/amypark/.m2/repository/com/github/jnr/jnr-unixsocket/0.38.22/jnr-unixsocket-0.38.22.jar:/Users/amypark/.m2/repository/com/github/jnr/jnr-posix/3.1.19/jnr-posix-3.1.19.jar:/Users/amypark/.m2/repository/com/google/http-client/google-http-client/1.44.1/google-http-client-1.44.1.jar:/Users/amypark/.m2/repository/io/grpc/grpc-context/1.60.1/grpc-context-1.60.1.jar:/Users/amypark/.m2/repository/io/grpc/grpc-api/1.60.1/grpc-api-1.60.1.jar:/Users/amypark/.m2/repository/io/opencensus/opencensus-api/0.31.1/opencensus-api-0.31.1.jar:/Users/amypark/.m2/repository/io/opencensus/opencensus-contrib-http-util/0.31.1/opencensus-contrib-http-util-0.31.1.jar:/Users/amypark/.m2/repository/com/google/errorprone/error_prone_annotations/2.27.1/error_prone_annotations-2.27.1.jar:/Users/amypark/.m2/repository/com/google/http-client/google-http-client-gson/1.44.1/google-http-client-gson-1.44.1.jar:/Users/amypark/.m2/repository/com/google/code/gson/gson/2.10.1/gson-2.10.1.jar:/Users/amypark/.m2/repository/com/google/apis/google-api-services-sqladmin/v1beta4-rev20240324-2.0.0/google-api-services-sqladmin-v1beta4-rev20240324-2.0.0.jar:/Users/amypark/.m2/repository/com/google/auth/google-auth-library-credentials/1.23.0/google-auth-library-credentials-1.23.0.jar:/Users/amypark/.m2/repository/com/google/auth/google-auth-library-oauth2-http/1.23.0/google-auth-library-oauth2-http-1.23.0.jar:/Users/amypark/.m2/repository/com/google/auto/value/auto-value-annotations/1.10.4/auto-value-annotations-1.10.4.jar:/Users/amypark/.m2/repository/com/google/api/gax/2.48.0/gax-2.48.0.jar:/Users/amypark/.m2/repository/com/google/api-client/google-api-client/1.31.1/google-api-client-1.31.1.jar:/Users/amypark/.m2/repository/com/google/oauth-client/google-oauth-client/1.31.2/google-oauth-client-1.31.2.jar:/Users/amypark/.m2/repository/com/google/code/findbugs/jsr305/3.0.2/jsr305-3.0.2.jar:/Users/amypark/.m2/repository/com/google/http-client/google-http-client-jackson2/1.38.0/google-http-client-jackson2-1.38.0.jar:/Users/amypark/.m2/repository/com/fasterxml/jackson/core/jackson-core/2.15.3/jackson-core-2.15.3.jar:/Users/amypark/.m2/repository/com/google/guava/guava/29.0-android/guava-29.0-android.jar:/Users/amypark/.m2/repository/com/google/guava/failureaccess/1.0.1/failureaccess-1.0.1.jar:/Users/amypark/.m2/repository/com/google/guava/listenablefuture/9999.0-empty-to-avoid-conflict-with-guava/listenablefuture-9999.0-empty-to-avoid-conflict-with-guava.jar:/Users/amypark/.m2/repository/org/checkerframework/checker-compat-qual/2.5.5/checker-compat-qual-2.5.5.jar:/Users/amypark/.m2/repository/com/google/j2objc/j2objc-annotations/1.3/j2objc-annotations-1.3.jar:/Users/amypark/.m2/repository/com/google/http-client/google-http-client-apache-v2/1.38.0/google-http-client-apache-v2-1.38.0.jar:/Users/amypark/.m2/repository/org/apache/httpcomponents/httpclient/4.5.13/httpclient-4.5.13.jar:/Users/amypark/.m2/repository/commons-logging/commons-logging/1.2/commons-logging-1.2.jar:/Users/amypark/.m2/repository/commons-codec/commons-codec/1.16.0/commons-codec-1.16.0.jar:/Users/amypark/.m2/repository/org/apache/httpcomponents/httpcore/4.4.16/httpcore-4.4.16.jar:/Users/amypark/.m2/repository/com/google/api-client/google-api-client-appengine/1.21.0/google-api-client-appengine-1.21.0.jar:/Users/amypark/.m2/repository/com/google/oauth-client/google-oauth-client-appengine/1.21.0/google-oauth-client-appengine-1.21.0.jar:/Users/amypark/.m2/repository/com/google/oauth-client/google-oauth-client-servlet/1.21.0/google-oauth-client-servlet-1.21.0.jar:/Users/amypark/.m2/repository/com/google/http-client/google-http-client-jdo/1.21.0/google-http-client-jdo-1.21.0.jar:/Users/amypark/.m2/repository/javax/servlet/servlet-api/2.5/servlet-api-2.5.jar:/Users/amypark/.m2/repository/com/google/api-client/google-api-client-servlet/1.21.0/google-api-client-servlet-1.21.0.jar:/Users/amypark/.m2/repository/javax/jdo/jdo2-api/2.3-eb/jdo2-api-2.3-eb.jar:/Users/amypark/.m2/repository/javax/transaction/transaction-api/1.1/transaction-api-1.1.jar:/Users/amypark/.m2/repository/com/google/http-client/google-http-client-appengine/1.21.0/google-http-client-appengine-1.21.0.jar:/Users/amypark/.m2/repository/jakarta/xml/bind/jakarta.xml.bind-api/4.0.1/jakarta.xml.bind-api-4.0.1.jar:/Users/amypark/.m2/repository/jakarta/activation/jakarta.activation-api/2.1.2/jakarta.activation-api-2.1.2.jar:/Users/amypark/.m2/repository/com/sun/xml/bind/jaxb-impl/4.0.4/jaxb-impl-4.0.4.jar:/Users/amypark/.m2/repository/com/sun/xml/bind/jaxb-core/4.0.4/jaxb-core-4.0.4.jar:/Users/amypark/.m2/repository/org/eclipse/angus/angus-activation/2.0.1/angus-activation-2.0.1.jar:/Users/amypark/.m2/repository/org/springframework/boot/spring-boot-starter-thymeleaf/3.2.2/spring-boot-starter-thymeleaf-3.2.2.jar:/Users/amypark/.m2/repository/org/springframework/boot/spring-boot-starter/3.2.2/spring-boot-starter-3.2.2.jar:/Users/amypark/.m2/repository/org/springframework/boot/spring-boot-starter-logging/3.2.2/spring-boot-starter-logging-3.2.2.jar:/Users/amypark/.m2/repository/ch/qos/logback/logback-classic/1.4.14/logback-classic-1.4.14.jar:/Users/amypark/.m2/repository/ch/qos/logback/logback-core/1.4.14/logback-core-1.4.14.jar:/Users/amypark/.m2/repository/org/apache/logging/log4j/log4j-to-slf4j/2.21.1/log4j-to-slf4j-2.21.1.jar:/Users/amypark/.m2/repository/org/apache/logging/log4j/log4j-api/2.21.1/log4j-api-2.21.1.jar:/Users/amypark/.m2/repository/org/slf4j/jul-to-slf4j/2.0.11/jul-to-slf4j-2.0.11.jar:/Users/amypark/.m2/repository/jakarta/annotation/jakarta.annotation-api/2.1.1/jakarta.annotation-api-2.1.1.jar:/Users/amypark/.m2/repository/org/yaml/snakeyaml/2.2/snakeyaml-2.2.jar:/Users/amypark/.m2/repository/org/thymeleaf/thymeleaf-spring6/3.1.2.RELEASE/thymeleaf-spring6-3.1.2.RELEASE.jar:/Users/amypark/.m2/repository/org/springframework/boot/spring-boot-starter-validation/3.2.2/spring-boot-starter-validation-3.2.2.jar:/Users/amypark/.m2/repository/org/apache/tomcat/embed/tomcat-embed-el/10.1.18/tomcat-embed-el-10.1.18.jar:/Users/amypark/.m2/repository/org/hibernate/validator/hibernate-validator/8.0.1.Final/hibernate-validator-8.0.1.Final.jar:/Users/amypark/.m2/repository/jakarta/validation/jakarta.validation-api/3.0.2/jakarta.validation-api-3.0.2.jar:/Users/amypark/.m2/repository/org/jboss/logging/jboss-logging/3.5.3.Final/jboss-logging-3.5.3.Final.jar:/Users/amypark/.m2/repository/com/fasterxml/classmate/1.6.0/classmate-1.6.0.jar:/Users/amypark/.m2/repository/org/springframework/boot/spring-boot-starter-web/3.2.2/spring-boot-starter-web-3.2.2.jar:/Users/amypark/.m2/repository/org/springframework/boot/spring-boot-starter-json/3.2.2/spring-boot-starter-json-3.2.2.jar:/Users/amypark/.m2/repository/com/fasterxml/jackson/core/jackson-databind/2.15.3/jackson-databind-2.15.3.jar:/Users/amypark/.m2/repository/com/fasterxml/jackson/core/jackson-annotations/2.15.3/jackson-annotations-2.15.3.jar:/Users/amypark/.m2/repository/com/fasterxml/jackson/datatype/jackson-datatype-jdk8/2.15.3/jackson-datatype-jdk8-2.15.3.jar:/Users/amypark/.m2/repository/com/fasterxml/jackson/datatype/jackson-datatype-jsr310/2.15.3/jackson-datatype-jsr310-2.15.3.jar:/Users/amypark/.m2/repository/com/fasterxml/jackson/module/jackson-module-parameter-names/2.15.3/jackson-module-parameter-names-2.15.3.jar:/Users/amypark/.m2/repository/org/springframework/boot/spring-boot-starter-tomcat/3.2.2/spring-boot-starter-tomcat-3.2.2.jar:/Users/amypark/.m2/repository/org/apache/tomcat/embed/tomcat-embed-core/10.1.18/tomcat-embed-core-10.1.18.jar:/Users/amypark/.m2/repository/org/apache/tomcat/embed/tomcat-embed-websocket/10.1.18/tomcat-embed-websocket-10.1.18.jar:/Users/amypark/.m2/repository/org/springframework/spring-web/6.1.3/spring-web-6.1.3.jar:/Users/amypark/.m2/repository/org/springframework/spring-beans/6.1.3/spring-beans-6.1.3.jar:/Users/amypark/.m2/repository/io/micrometer/micrometer-observation/1.12.2/micrometer-observation-1.12.2.jar:/Users/amypark/.m2/repository/io/micrometer/micrometer-commons/1.12.2/micrometer-commons-1.12.2.jar:/Users/amypark/.m2/repository/org/springframework/spring-webmvc/6.1.3/spring-webmvc-6.1.3.jar:/Users/amypark/.m2/repository/org/springframework/spring-context/6.1.3/spring-context-6.1.3.jar:/Users/amypark/.m2/repository/org/springframework/spring-expression/6.1.3/spring-expression-6.1.3.jar:/Users/amypark/.m2/repository/org/springframework/boot/spring-boot-devtools/3.2.2/spring-boot-devtools-3.2.2.jar:/Users/amypark/.m2/repository/org/springframework/boot/spring-boot/3.2.2/spring-boot-3.2.2.jar:/Users/amypark/.m2/repository/org/springframework/boot/spring-boot-autoconfigure/3.2.2/spring-boot-autoconfigure-3.2.2.jar:/Users/amypark/.m2/repository/org/springframework/boot/spring-boot-starter-test/3.2.2/spring-boot-starter-test-3.2.2.jar:/Users/amypark/.m2/repository/org/springframework/boot/spring-boot-test/3.2.2/spring-boot-test-3.2.2.jar:/Users/amypark/.m2/repository/org/springframework/boot/spring-boot-test-autoconfigure/3.2.2/spring-boot-test-autoconfigure-3.2.2.jar:/Users/amypark/.m2/repository/com/jayway/jsonpath/json-path/2.8.0/json-path-2.8.0.jar:/Users/amypark/.m2/repository/net/minidev/json-smart/2.5.0/json-smart-2.5.0.jar:/Users/amypark/.m2/repository/net/minidev/accessors-smart/2.5.0/accessors-smart-2.5.0.jar:/Users/amypark/.m2/repository/org/ow2/asm/asm/9.3/asm-9.3.jar:/Users/amypark/.m2/repository/org/assertj/assertj-core/3.24.2/assertj-core-3.24.2.jar:/Users/amypark/.m2/repository/net/bytebuddy/byte-buddy/1.14.11/byte-buddy-1.14.11.jar:/Users/amypark/.m2/repository/org/awaitility/awaitility/4.2.0/awaitility-4.2.0.jar:/Users/amypark/.m2/repository/org/hamcrest/hamcrest/2.2/hamcrest-2.2.jar:/Users/amypark/.m2/repository/org/junit/jupiter/junit-jupiter/5.10.1/junit-jupiter-5.10.1.jar:/Users/amypark/.m2/repository/org/junit/jupiter/junit-jupiter-api/5.10.1/junit-jupiter-api-5.10.1.jar:/Users/amypark/.m2/repository/org/opentest4j/opentest4j/1.3.0/opentest4j-1.3.0.jar:/Users/amypark/.m2/repository/org/junit/platform/junit-platform-commons/1.10.1/junit-platform-commons-1.10.1.jar:/Users/amypark/.m2/repository/org/apiguardian/apiguardian-api/1.1.2/apiguardian-api-1.1.2.jar:/Users/amypark/.m2/repository/org/junit/jupiter/junit-jupiter-params/5.10.1/junit-jupiter-params-5.10.1.jar:/Users/amypark/.m2/repository/org/junit/jupiter/junit-jupiter-engine/5.10.1/junit-jupiter-engine-5.10.1.jar:/Users/amypark/.m2/repository/org/junit/platform/junit-platform-engine/1.10.1/junit-platform-engine-1.10.1.jar:/Users/amypark/.m2/repository/org/mockito/mockito-core/5.7.0/mockito-core-5.7.0.jar:/Users/amypark/.m2/repository/net/bytebuddy/byte-buddy-agent/1.14.11/byte-buddy-agent-1.14.11.jar:/Users/amypark/.m2/repository/org/objenesis/objenesis/3.3/objenesis-3.3.jar:/Users/amypark/.m2/repository/org/mockito/mockito-junit-jupiter/5.7.0/mockito-junit-jupiter-5.7.0.jar:/Users/amypark/.m2/repository/org/skyscreamer/jsonassert/1.5.1/jsonassert-1.5.1.jar:/Users/amypark/.m2/repository/com/vaadin/external/google/android-json/0.0.20131108.vaadin1/android-json-0.0.20131108.vaadin1.jar:/Users/amypark/.m2/repository/org/springframework/spring-core/6.1.3/spring-core-6.1.3.jar:/Users/amypark/.m2/repository/org/springframework/spring-jcl/6.1.3/spring-jcl-6.1.3.jar:/Users/amypark/.m2/repository/org/springframework/spring-test/6.1.3/spring-test-6.1.3.jar:/Users/amypark/.m2/repository/org/xmlunit/xmlunit-core/2.9.1/xmlunit-core-2.9.1.jar:/Users/amypark/.m2/repository/nz/net/ultraq/thymeleaf/thymeleaf-layout-dialect/3.3.0/thymeleaf-layout-dialect-3.3.0.jar:/Users/amypark/.m2/repository/org/apache/groovy/groovy/4.0.17/groovy-4.0.17.jar:/Users/amypark/.m2/repository/nz/net/ultraq/groovy/groovy-extensions/2.1.0/groovy-extensions-2.1.0.jar:/Users/amypark/.m2/repository/nz/net/ultraq/thymeleaf/thymeleaf-expression-processor/3.2.0/thymeleaf-expression-processor-3.2.0.jar:/Users/amypark/.m2/repository/org/thymeleaf/thymeleaf/3.1.2.RELEASE/thymeleaf-3.1.2.RELEASE.jar:/Users/amypark/.m2/repository/ognl/ognl/3.3.4/ognl-3.3.4.jar:/Users/amypark/.m2/repository/org/javassist/javassist/3.29.0-GA/javassist-3.29.0-GA.jar:/Users/amypark/.m2/repository/org/attoparser/attoparser/2.0.7.RELEASE/attoparser-2.0.7.RELEASE.jar:/Users/amypark/.m2/repository/org/unbescape/unbescape/1.1.6.RELEASE/unbescape-1.1.6.RELEASE.jar:/Users/amypark/.m2/repository/org/slf4j/slf4j-api/2.0.11/slf4j-api-2.0.11.jar:/Users/amypark/.m2/repository/com/mysql/mysql-connector-j/8.3.0/mysql-connector-j-8.3.0.jar:/Users/amypark/.m2/repository/org/springframework/boot/spring-boot-starter-data-jdbc/3.2.2/spring-boot-starter-data-jdbc-3.2.2.jar:/Users/amypark/.m2/repository/org/springframework/boot/spring-boot-starter-jdbc/3.2.2/spring-boot-starter-jdbc-3.2.2.jar:/Users/amypark/.m2/repository/com/zaxxer/HikariCP/5.0.1/HikariCP-5.0.1.jar:/Users/amypark/.m2/repository/org/springframework/spring-jdbc/6.1.3/spring-jdbc-6.1.3.jar:/Users/amypark/.m2/repository/org/springframework/data/spring-data-jdbc/3.2.2/spring-data-jdbc-3.2.2.jar:/Users/amypark/.m2/repository/org/springframework/data/spring-data-relational/3.2.2/spring-data-relational-3.2.2.jar:/Users/amypark/.m2/repository/com/github/jsqlparser/jsqlparser/4.6/jsqlparser-4.6.jar:/Users/amypark/.m2/repository/org/springframework/data/spring-data-commons/3.2.2/spring-data-commons-3.2.2.jar:/Users/amypark/.m2/repository/org/springframework/spring-tx/6.1.3/spring-tx-6.1.3.jar:/Users/amypark/.m2/repository/org/springframework/boot/spring-boot-starter-aop/3.2.2/spring-boot-starter-aop-3.2.2.jar:/Users/amypark/.m2/repository/org/springframework/spring-aop/6.1.3/spring-aop-6.1.3.jar:/Users/amypark/.m2/repository/org/aspectj/aspectjweaver/1.9.21/aspectjweaver-1.9.21.jar:"/>
    <property name="java.vm.vendor" value="Homebrew"/>
    <property name="sun.arch.data.model" value="64"/>
    <property name="java.vendor.url" value="https://github.com/Homebrew/homebrew-core/issues"/>
    <property name="user.timezone" value="America/Phoenix"/>
    <property name="org.jboss.logging.provider" value="slf4j"/>
    <property name="os.name" value="Mac OS X"/>
    <property name="java.vm.specification.version" value="23"/>
    <property name="sun.java.launcher" value="SUN_STANDARD"/>
    <property name="user.country" value="KR"/>
    <property name="sun.boot.library.path" value="/opt/homebrew/Cellar/openjdk/23.0.2/libexec/openjdk.jdk/Contents/Home/lib"/>
    <property name="sun.java.command" value="/Users/amypark/Documents/GitHub/CST-323/target/surefire/surefirebooter-20250403103319440_3.jar /Users/amypark/Documents/GitHub/CST-323/target/surefire 2025-04-03T10-33-19_368-jvmRun1 surefire-20250403103319440_1tmp surefire_0-20250403103319440_2tmp"/>
    <property name="http.nonProxyHosts" value="local|*.local|169.254/16|*.169.254/16"/>
    <property name="jdk.debug" value="release"/>
    <property name="surefire.test.class.path" value="/Users/amypark/Documents/GitHub/CST-323/target/test-classes:/Users/amypark/Documents/GitHub/CST-323/target/classes:/Users/amypark/.m2/repository/com/google/cloud/sql/mysql-socket-factory-connector-j-8/1.18.1/mysql-socket-factory-connector-j-8-1.18.1.jar:/Users/amypark/.m2/repository/com/google/cloud/sql/jdbc-socket-factory-core/1.18.1/jdbc-socket-factory-core-1.18.1.jar:/Users/amypark/.m2/repository/com/github/jnr/jnr-enxio/0.32.17/jnr-enxio-0.32.17.jar:/Users/amypark/.m2/repository/com/github/jnr/jnr-constants/0.10.4/jnr-constants-0.10.4.jar:/Users/amypark/.m2/repository/com/github/jnr/jnr-ffi/2.2.16/jnr-ffi-2.2.16.jar:/Users/amypark/.m2/repository/com/github/jnr/jffi/1.3.13/jffi-1.3.13.jar:/Users/amypark/.m2/repository/com/github/jnr/jffi/1.3.13/jffi-1.3.13-native.jar:/Users/amypark/.m2/repository/org/ow2/asm/asm-commons/9.2/asm-commons-9.2.jar:/Users/amypark/.m2/repository/org/ow2/asm/asm-analysis/9.2/asm-analysis-9.2.jar:/Users/amypark/.m2/repository/org/ow2/asm/asm-tree/9.2/asm-tree-9.2.jar:/Users/amypark/.m2/repository/org/ow2/asm/asm-util/9.2/asm-util-9.2.jar:/Users/amypark/.m2/repository/com/github/jnr/jnr-a64asm/1.0.0/jnr-a64asm-1.0.0.jar:/Users/amypark/.m2/repository/com/github/jnr/jnr-x86asm/1.0.2/jnr-x86asm-1.0.2.jar:/Users/amypark/.m2/repository/com/github/jnr/jnr-unixsocket/0.38.22/jnr-unixsocket-0.38.22.jar:/Users/amypark/.m2/repository/com/github/jnr/jnr-posix/3.1.19/jnr-posix-3.1.19.jar:/Users/amypark/.m2/repository/com/google/http-client/google-http-client/1.44.1/google-http-client-1.44.1.jar:/Users/amypark/.m2/repository/io/grpc/grpc-context/1.60.1/grpc-context-1.60.1.jar:/Users/amypark/.m2/repository/io/grpc/grpc-api/1.60.1/grpc-api-1.60.1.jar:/Users/amypark/.m2/repository/io/opencensus/opencensus-api/0.31.1/opencensus-api-0.31.1.jar:/Users/amypark/.m2/repository/io/opencensus/opencensus-contrib-http-util/0.31.1/opencensus-contrib-http-util-0.31.1.jar:/Users/amypark/.m2/repository/com/google/errorprone/error_prone_annotations/2.27.1/error_prone_annotations-2.27.1.jar:/Users/amypark/.m2/repository/com/google/http-client/google-http-client-gson/1.44.1/google-http-client-gson-1.44.1.jar:/Users/amypark/.m2/repository/com/google/code/gson/gson/2.10.1/gson-2.10.1.jar:/Users/amypark/.m2/repository/com/google/apis/google-api-services-sqladmin/v1beta4-rev20240324-2.0.0/google-api-services-sqladmin-v1beta4-rev20240324-2.0.0.jar:/Users/amypark/.m2/repository/com/google/auth/google-auth-library-credentials/1.23.0/google-auth-library-credentials-1.23.0.jar:/Users/amypark/.m2/repository/com/google/auth/google-auth-library-oauth2-http/1.23.0/google-auth-library-oauth2-http-1.23.0.jar:/Users/amypark/.m2/repository/com/google/auto/value/auto-value-annotations/1.10.4/auto-value-annotations-1.10.4.jar:/Users/amypark/.m2/repository/com/google/api/gax/2.48.0/gax-2.48.0.jar:/Users/amypark/.m2/repository/com/google/api-client/google-api-client/1.31.1/google-api-client-1.31.1.jar:/Users/amypark/.m2/repository/com/google/oauth-client/google-oauth-client/1.31.2/google-oauth-client-1.31.2.jar:/Users/amypark/.m2/repository/com/google/code/findbugs/jsr305/3.0.2/jsr305-3.0.2.jar:/Users/amypark/.m2/repository/com/google/http-client/google-http-client-jackson2/1.38.0/google-http-client-jackson2-1.38.0.jar:/Users/amypark/.m2/repository/com/fasterxml/jackson/core/jackson-core/2.15.3/jackson-core-2.15.3.jar:/Users/amypark/.m2/repository/com/google/guava/guava/29.0-android/guava-29.0-android.jar:/Users/amypark/.m2/repository/com/google/guava/failureaccess/1.0.1/failureaccess-1.0.1.jar:/Users/amypark/.m2/repository/com/google/guava/listenablefuture/9999.0-empty-to-avoid-conflict-with-guava/listenablefuture-9999.0-empty-to-avoid-conflict-with-guava.jar:/Users/amypark/.m2/repository/org/checkerframework/checker-compat-qual/2.5.5/checker-compat-qual-2.5.5.jar:/Users/amypark/.m2/repository/com/google/j2objc/j2objc-annotations/1.3/j2objc-annotations-1.3.jar:/Users/amypark/.m2/repository/com/google/http-client/google-http-client-apache-v2/1.38.0/google-http-client-apache-v2-1.38.0.jar:/Users/amypark/.m2/repository/org/apache/httpcomponents/httpclient/4.5.13/httpclient-4.5.13.jar:/Users/amypark/.m2/repository/commons-logging/commons-logging/1.2/commons-logging-1.2.jar:/Users/amypark/.m2/repository/commons-codec/commons-codec/1.16.0/commons-codec-1.16.0.jar:/Users/amypark/.m2/repository/org/apache/httpcomponents/httpcore/4.4.16/httpcore-4.4.16.jar:/Users/amypark/.m2/repository/com/google/api-client/google-api-client-appengine/1.21.0/google-api-client-appengine-1.21.0.jar:/Users/amypark/.m2/repository/com/google/oauth-client/google-oauth-client-appengine/1.21.0/google-oauth-client-appengine-1.21.0.jar:/Users/amypark/.m2/repository/com/google/oauth-client/google-oauth-client-servlet/1.21.0/google-oauth-client-servlet-1.21.0.jar:/Users/amypark/.m2/repository/com/google/http-client/google-http-client-jdo/1.21.0/google-http-client-jdo-1.21.0.jar:/Users/amypark/.m2/repository/javax/servlet/servlet-api/2.5/servlet-api-2.5.jar:/Users/amypark/.m2/repository/com/google/api-client/google-api-client-servlet/1.21.0/google-api-client-servlet-1.21.0.jar:/Users/amypark/.m2/repository/javax/jdo/jdo2-api/2.3-eb/jdo2-api-2.3-eb.jar:/Users/amypark/.m2/repository/javax/transaction/transaction-api/1.1/transaction-api-1.1.jar:/Users/amypark/.m2/repository/com/google/http-client/google-http-client-appengine/1.21.0/google-http-client-appengine-1.21.0.jar:/Users/amypark/.m2/repository/jakarta/xml/bind/jakarta.xml.bind-api/4.0.1/jakarta.xml.bind-api-4.0.1.jar:/Users/amypark/.m2/repository/jakarta/activation/jakarta.activation-api/2.1.2/jakarta.activation-api-2.1.2.jar:/Users/amypark/.m2/repository/com/sun/xml/bind/jaxb-impl/4.0.4/jaxb-impl-4.0.4.jar:/Users/amypark/.m2/repository/com/sun/xml/bind/jaxb-core/4.0.4/jaxb-core-4.0.4.jar:/Users/amypark/.m2/repository/org/eclipse/angus/angus-activation/2.0.1/angus-activation-2.0.1.jar:/Users/amypark/.m2/repository/org/springframework/boot/spring-boot-starter-thymeleaf/3.2.2/spring-boot-starter-thymeleaf-3.2.2.jar:/Users/amypark/.m2/repository/org/springframework/boot/spring-boot-starter/3.2.2/spring-boot-starter-3.2.2.jar:/Users/amypark/.m2/repository/org/springframework/boot/spring-boot-starter-logging/3.2.2/spring-boot-starter-logging-3.2.2.jar:/Users/amypark/.m2/repository/ch/qos/logback/logback-classic/1.4.14/logback-classic-1.4.14.jar:/Users/amypark/.m2/repository/ch/qos/logback/logback-core/1.4.14/logback-core-1.4.14.jar:/Users/amypark/.m2/repository/org/apache/logging/log4j/log4j-to-slf4j/2.21.1/log4j-to-slf4j-2.21.1.jar:/Users/amypark/.m2/repository/org/apache/logging/log4j/log4j-api/2.21.1/log4j-api-2.21.1.jar:/Users/amypark/.m2/repository/org/slf4j/jul-to-slf4j/2.0.11/jul-to-slf4j-2.0.11.jar:/Users/amypark/.m2/repository/jakarta/annotation/jakarta.annotation-api/2.1.1/jakarta.annotation-api-2.1.1.jar:/Users/amypark/.m2/repository/org/yaml/snakeyaml/2.2/snakeyaml-2.2.jar:/Users/amypark/.m2/repository/org/thymeleaf/thymeleaf-spring6/3.1.2.RELEASE/thymeleaf-spring6-3.1.2.RELEASE.jar:/Users/amypark/.m2/repository/org/springframework/boot/spring-boot-starter-validation/3.2.2/spring-boot-starter-validation-3.2.2.jar:/Users/amypark/.m2/repository/org/apache/tomcat/embed/tomcat-embed-el/10.1.18/tomcat-embed-el-10.1.18.jar:/Users/amypark/.m2/repository/org/hibernate/validator/hibernate-validator/8.0.1.Final/hibernate-validator-8.0.1.Final.jar:/Users/amypark/.m2/repository/jakarta/validation/jakarta.validation-api/3.0.2/jakarta.validation-api-3.0.2.jar:/Users/amypark/.m2/repository/org/jboss/logging/jboss-logging/3.5.3.Final/jboss-logging-3.5.3.Final.jar:/Users/amypark/.m2/repository/com/fasterxml/classmate/1.6.0/classmate-1.6.0.jar:/Users/amypark/.m2/repository/org/springframework/boot/spring-boot-starter-web/3.2.2/spring-boot-starter-web-3.2.2.jar:/Users/amypark/.m2/repository/org/springframework/boot/spring-boot-starter-json/3.2.2/spring-boot-starter-json-3.2.2.jar:/Users/amypark/.m2/repository/com/fasterxml/jackson/core/jackson-databind/2.15.3/jackson-databind-2.15.3.jar:/Users/amypark/.m2/repository/com/fasterxml/jackson/core/jackson-annotations/2.15.3/jackson-annotations-2.15.3.jar:/Users/amypark/.m2/repository/com/fasterxml/jackson/datatype/jackson-datatype-jdk8/2.15.3/jackson-datatype-jdk8-2.15.3.jar:/Users/amypark/.m2/repository/com/fasterxml/jackson/datatype/jackson-datatype-jsr310/2.15.3/jackson-datatype-jsr310-2.15.3.jar:/Users/amypark/.m2/repository/com/fasterxml/jackson/module/jackson-module-parameter-names/2.15.3/jackson-module-parameter-names-2.15.3.jar:/Users/amypark/.m2/repository/org/springframework/boot/spring-boot-starter-tomcat/3.2.2/spring-boot-starter-tomcat-3.2.2.jar:/Users/amypark/.m2/repository/org/apache/tomcat/embed/tomcat-embed-core/10.1.18/tomcat-embed-core-10.1.18.jar:/Users/amypark/.m2/repository/org/apache/tomcat/embed/tomcat-embed-websocket/10.1.18/tomcat-embed-websocket-10.1.18.jar:/Users/amypark/.m2/repository/org/springframework/spring-web/6.1.3/spring-web-6.1.3.jar:/Users/amypark/.m2/repository/org/springframework/spring-beans/6.1.3/spring-beans-6.1.3.jar:/Users/amypark/.m2/repository/io/micrometer/micrometer-observation/1.12.2/micrometer-observation-1.12.2.jar:/Users/amypark/.m2/repository/io/micrometer/micrometer-commons/1.12.2/micrometer-commons-1.12.2.jar:/Users/amypark/.m2/repository/org/springframework/spring-webmvc/6.1.3/spring-webmvc-6.1.3.jar:/Users/amypark/.m2/repository/org/springframework/spring-context/6.1.3/spring-context-6.1.3.jar:/Users/amypark/.m2/repository/org/springframework/spring-expression/6.1.3/spring-expression-6.1.3.jar:/Users/amypark/.m2/repository/org/springframework/boot/spring-boot-devtools/3.2.2/spring-boot-devtools-3.2.2.jar:/Users/amypark/.m2/repository/org/springframework/boot/spring-boot/3.2.2/spring-boot-3.2.2.jar:/Users/amypark/.m2/repository/org/springframework/boot/spring-boot-autoconfigure/3.2.2/spring-boot-autoconfigure-3.2.2.jar:/Users/amypark/.m2/repository/org/springframework/boot/spring-boot-starter-test/3.2.2/spring-boot-starter-test-3.2.2.jar:/Users/amypark/.m2/repository/org/springframework/boot/spring-boot-test/3.2.2/spring-boot-test-3.2.2.jar:/Users/amypark/.m2/repository/org/springframework/boot/spring-boot-test-autoconfigure/3.2.2/spring-boot-test-autoconfigure-3.2.2.jar:/Users/amypark/.m2/repository/com/jayway/jsonpath/json-path/2.8.0/json-path-2.8.0.jar:/Users/amypark/.m2/repository/net/minidev/json-smart/2.5.0/json-smart-2.5.0.jar:/Users/amypark/.m2/repository/net/minidev/accessors-smart/2.5.0/accessors-smart-2.5.0.jar:/Users/amypark/.m2/repository/org/ow2/asm/asm/9.3/asm-9.3.jar:/Users/amypark/.m2/repository/org/assertj/assertj-core/3.24.2/assertj-core-3.24.2.jar:/Users/amypark/.m2/repository/net/bytebuddy/byte-buddy/1.14.11/byte-buddy-1.14.11.jar:/Users/amypark/.m2/repository/org/awaitility/awaitility/4.2.0/awaitility-4.2.0.jar:/Users/amypark/.m2/repository/org/hamcrest/hamcrest/2.2/hamcrest-2.2.jar:/Users/amypark/.m2/repository/org/junit/jupiter/junit-jupiter/5.10.1/junit-jupiter-5.10.1.jar:/Users/amypark/.m2/repository/org/junit/jupiter/junit-jupiter-api/5.10.1/junit-jupiter-api-5.10.1.jar:/Users/amypark/.m2/repository/org/opentest4j/opentest4j/1.3.0/opentest4j-1.3.0.jar:/Users/amypark/.m2/repository/org/junit/platform/junit-platform-commons/1.10.1/junit-platform-commons-1.10.1.jar:/Users/amypark/.m2/repository/org/apiguardian/apiguardian-api/1.1.2/apiguardian-api-1.1.2.jar:/Users/amypark/.m2/repository/org/junit/jupiter/junit-jupiter-params/5.10.1/junit-jupiter-params-5.10.1.jar:/Users/amypark/.m2/repository/org/junit/jupiter/junit-jupiter-engine/5.10.1/junit-jupiter-engine-5.10.1.jar:/Users/amypark/.m2/repository/org/junit/platform/junit-platform-engine/1.10.1/junit-platform-engine-1.10.1.jar:/Users/amypark/.m2/repository/org/mockito/mockito-core/5.7.0/mockito-core-5.7.0.jar:/Users/amypark/.m2/repository/net/bytebuddy/byte-buddy-agent/1.14.11/byte-buddy-agent-1.14.11.jar:/Users/amypark/.m2/repository/org/objenesis/objenesis/3.3/objenesis-3.3.jar:/Users/amypark/.m2/repository/org/mockito/mockito-junit-jupiter/5.7.0/mockito-junit-jupiter-5.7.0.jar:/Users/amypark/.m2/repository/org/skyscreamer/jsonassert/1.5.1/jsonassert-1.5.1.jar:/Users/amypark/.m2/repository/com/vaadin/external/google/android-json/0.0.20131108.vaadin1/android-json-0.0.20131108.vaadin1.jar:/Users/amypark/.m2/repository/org/springframework/spring-core/6.1.3/spring-core-6.1.3.jar:/Users/amypark/.m2/repository/org/springframework/spring-jcl/6.1.3/spring-jcl-6.1.3.jar:/Users/amypark/.m2/repository/org/springframework/spring-test/6.1.3/spring-test-6.1.3.jar:/Users/amypark/.m2/repository/org/xmlunit/xmlunit-core/2.9.1/xmlunit-core-2.9.1.jar:/Users/amypark/.m2/repository/nz/net/ultraq/thymeleaf/thymeleaf-layout-dialect/3.3.0/thymeleaf-layout-dialect-3.3.0.jar:/Users/amypark/.m2/repository/org/apache/groovy/groovy/4.0.17/groovy-4.0.17.jar:/Users/amypark/.m2/repository/nz/net/ultraq/groovy/groovy-extensions/2.1.0/groovy-extensions-2.1.0.jar:/Users/amypark/.m2/repository/nz/net/ultraq/thymeleaf/thymeleaf-expression-processor/3.2.0/thymeleaf-expression-processor-3.2.0.jar:/Users/amypark/.m2/repository/org/thymeleaf/thymeleaf/3.1.2.RELEASE/thymeleaf-3.1.2.RELEASE.jar:/Users/amypark/.m2/repository/ognl/ognl/3.3.4/ognl-3.3.4.jar:/Users/amypark/.m2/repository/org/javassist/javassist/3.29.0-GA/javassist-3.29.0-GA.jar:/Users/amypark/.m2/repository/org/attoparser/attoparser/2.0.7.RELEASE/attoparser-2.0.7.RELEASE.jar:/Users/amypark/.m2/repository/org/unbescape/unbescape/1.1.6.RELEASE/unbescape-1.1.6.RELEASE.jar:/Users/amypark/.m2/repository/org/slf4j/slf4j-api/2.0.11/slf4j-api-2.0.11.jar:/Users/amypark/.m2/repository/com/mysql/mysql-connector-j/8.3.0/mysql-connector-j-8.3.0.jar:/Users/amypark/.m2/repository/org/springframework/boot/spring-boot-starter-data-jdbc/3.2.2/spring-boot-starter-data-jdbc-3.2.2.jar:/Users/amypark/.m2/repository/org/springframework/boot/spring-boot-starter-jdbc/3.2.2/spring-boot-starter-jdbc-3.2.2.jar:/Users/amypark/.m2/repository/com/zaxxer/HikariCP/5.0.1/HikariCP-5.0.1.jar:/Users/amypark/.m2/repository/org/springframework/spring-jdbc/6.1.3/spring-jdbc-6.1.3.jar:/Users/amypark/.m2/repository/org/springframework/data/spring-data-jdbc/3.2.2/spring-data-jdbc-3.2.2.jar:/Users/amypark/.m2/repository/org/springframework/data/spring-data-relational/3.2.2/spring-data-relational-3.2.2.jar:/Users/amypark/.m2/repository/com/github/jsqlparser/jsqlparser/4.6/jsqlparser-4.6.jar:/Users/amypark/.m2/repository/org/springframework/data/spring-data-commons/3.2.2/spring-data-commons-3.2.2.jar:/Users/amypark/.m2/repository/org/springframework/spring-tx/6.1.3/spring-tx-6.1.3.jar:/Users/amypark/.m2/repository/org/springframework/boot/spring-boot-starter-aop/3.2.2/spring-boot-starter-aop-3.2.2.jar:/Users/amypark/.m2/repository/org/springframework/spring-aop/6.1.3/spring-aop-6.1.3.jar:/Users/amypark/.m2/repository/org/aspectj/aspectjweaver/1.9.21/aspectjweaver-1.9.21.jar:"/>
    <property name="sun.cpu.endian" value="little"/>
    <property name="user.home" value="/Users/amypark"/>
    <property name="user.language" value="ko"/>
    <property name="java.specification.vendor" value="Oracle Corporation"/>
    <property name="java.version.date" value="2025-01-21"/>
    <property name="java.home" value="/opt/homebrew/Cellar/openjdk/23.0.2/libexec/openjdk.jdk/Contents/Home"/>
    <property name="file.separator" value="/"/>
    <property name="basedir" value="/Users/amypark/Documents/GitHub/CST-323"/>
    <property name="java.vm.compressedOopsMode" value="Zero based"/>
    <property name="line.separator" value="&#10;"/>
    <property name="java.vm.specification.vendor" value="Oracle Corporation"/>
    <property name="java.specification.name" value="Java Platform API Specification"/>
    <property name="FILE_LOG_CHARSET" value="UTF-8"/>
    <property name="java.awt.headless" value="true"/>
    <property name="apple.awt.application.name" value="ForkedBooter"/>
    <property name="surefire.real.class.path" value="/Users/amypark/Documents/GitHub/CST-323/target/surefire/surefirebooter-20250403103319440_3.jar"/>
    <property name="sun.management.compiler" value="HotSpot 64-Bit Tiered Compilers"/>
    <property name="ftp.nonProxyHosts" value="local|*.local|169.254/16|*.169.254/16"/>
    <property name="java.runtime.version" value="23.0.2"/>
    <property name="user.name" value="amypark"/>
    <property name="stdout.encoding" value="UTF-8"/>
    <property name="path.separator" value=":"/>
    <property name="os.version" value="15.3.1"/>
    <property name="java.runtime.name" value="OpenJDK Runtime Environment"/>
    <property name="file.encoding" value="UTF-8"/>
    <property name="java.vm.name" value="OpenJDK 64-Bit Server VM"/>
    <property name="java.vendor.version" value="Homebrew"/>
    <property name="localRepository" value="/Users/amypark/.m2/repository"/>
    <property name="java.vendor.url.bug" value="https://github.com/Homebrew/homebrew-core/issues"/>
    <property name="java.io.tmpdir" value="/var/folders/kv/9_g3l6bs4gdbkcp8pyt7vfmh0000gn/T/"/>
    <property name="com.zaxxer.hikari.pool_number" value="1"/>
    <property name="java.version" value="23.0.2"/>
    <property name="user.dir" value="/Users/amypark/Documents/GitHub/CST-323"/>
    <property name="os.arch" value="aarch64"/>
    <property name="java.vm.specification.name" value="Java Virtual Machine Specification"/>
    <property name="PID" value="78771"/>
    <property name="CONSOLE_LOG_CHARSET" value="UTF-8"/>
    <property name="native.encoding" value="UTF-8"/>
    <property name="java.library.path" value="/Users/amypark/Library/Java/Extensions:/Library/Java/Extensions:/Network/Library/Java/Extensions:/System/Library/Java/Extensions:/usr/lib/java:."/>
    <property name="java.vm.info" value="mixed mode, sharing"/>
    <property name="stderr.encoding" value="UTF-8"/>
    <property name="java.vendor" value="Homebrew"/>
    <property name="java.vm.version" value="23.0.2"/>
    <property name="sun.io.unicode.encoding" value="UnicodeBig"/>
    <property name="socksNonProxyHosts" value="local|*.local|169.254/16|*.169.254/16"/>
    <property name="java.class.version" value="67.0"/>
  </properties>
  <testcase name="contextLoads" classname="com.gcu.Topic43ApplicationTests" time="0.402">
    <system-out><![CDATA[Standard Commons Logging discovery in action with spring-jcl: please remove commons-logging.jar from classpath in order to avoid potential conflicts
10:33:19,803 |-INFO in ch.qos.logback.classic.LoggerContext[default] - This is logback-classic version 1.4.14
10:33:19,804 |-INFO in ch.qos.logback.classic.util.ContextInitializer@413f69cc - Here is a list of configurators discovered as a service, by rank: 
10:33:19,804 |-INFO in ch.qos.logback.classic.util.ContextInitializer@413f69cc -   org.springframework.boot.logging.logback.RootLogLevelConfigurator
10:33:19,804 |-INFO in ch.qos.logback.classic.util.ContextInitializer@413f69cc - They will be invoked in order until ExecutionStatus.DO_NOT_INVOKE_NEXT_IF_ANY is returned.
10:33:19,804 |-INFO in ch.qos.logback.classic.util.ContextInitializer@413f69cc - Constructed configurator of type class org.springframework.boot.logging.logback.RootLogLevelConfigurator
10:33:19,809 |-INFO in ch.qos.logback.classic.util.ContextInitializer@413f69cc - org.springframework.boot.logging.logback.RootLogLevelConfigurator.configure() call lasted 1 milliseconds. ExecutionStatus=INVOKE_NEXT_IF_ANY
10:33:19,809 |-INFO in ch.qos.logback.classic.util.ContextInitializer@413f69cc - Trying to configure with ch.qos.logback.classic.joran.SerializedModelConfigurator
10:33:19,809 |-INFO in ch.qos.logback.classic.util.ContextInitializer@413f69cc - Constructed configurator of type class ch.qos.logback.classic.joran.SerializedModelConfigurator
10:33:19,810 |-INFO in ch.qos.logback.classic.LoggerContext[default] - Could NOT find resource [logback-test.scmo]
10:33:19,811 |-INFO in ch.qos.logback.classic.LoggerContext[default] - Could NOT find resource [logback.scmo]
10:33:19,811 |-INFO in ch.qos.logback.classic.util.ContextInitializer@413f69cc - ch.qos.logback.classic.joran.SerializedModelConfigurator.configure() call lasted 2 milliseconds. ExecutionStatus=INVOKE_NEXT_IF_ANY
10:33:19,811 |-INFO in ch.qos.logback.classic.util.ContextInitializer@413f69cc - Trying to configure with ch.qos.logback.classic.util.DefaultJoranConfigurator
10:33:19,811 |-INFO in ch.qos.logback.classic.util.ContextInitializer@413f69cc - Constructed configurator of type class ch.qos.logback.classic.util.DefaultJoranConfigurator
10:33:19,811 |-INFO in ch.qos.logback.classic.LoggerContext[default] - Could NOT find resource [logback-test.xml]
10:33:19,812 |-INFO in ch.qos.logback.classic.LoggerContext[default] - Found resource [logback.xml] at [file:/Users/amypark/Documents/GitHub/CST-323/target/classes/logback.xml]
10:33:19,863 |-INFO in ch.qos.logback.core.model.processor.AppenderModelHandler - Processing appender named [Console]
10:33:19,863 |-INFO in ch.qos.logback.core.model.processor.AppenderModelHandler - About to instantiate appender of type [ch.qos.logback.core.ConsoleAppender]
10:33:19,879 |-WARN in ch.qos.logback.core.ConsoleAppender[Console] - This appender no longer admits a layout as a sub-component, set an encoder instead.
10:33:19,879 |-WARN in ch.qos.logback.core.ConsoleAppender[Console] - To ensure compatibility, wrapping your layout in LayoutWrappingEncoder.
10:33:19,879 |-WARN in ch.qos.logback.core.ConsoleAppender[Console] - See also http://logback.qos.ch/codes.html#layoutInsteadOfEncoder for details
10:33:19,880 |-INFO in ch.qos.logback.core.model.processor.AppenderModelHandler - Processing appender named [GcuConsole]
10:33:19,880 |-INFO in ch.qos.logback.core.model.processor.AppenderModelHandler - About to instantiate appender of type [ch.qos.logback.core.ConsoleAppender]
10:33:19,881 |-WARN in ch.qos.logback.core.ConsoleAppender[GcuConsole] - This appender no longer admits a layout as a sub-component, set an encoder instead.
10:33:19,881 |-WARN in ch.qos.logback.core.ConsoleAppender[GcuConsole] - To ensure compatibility, wrapping your layout in LayoutWrappingEncoder.
10:33:19,881 |-WARN in ch.qos.logback.core.ConsoleAppender[GcuConsole] - See also http://logback.qos.ch/codes.html#layoutInsteadOfEncoder for details
10:33:19,881 |-INFO in ch.qos.logback.core.model.processor.AppenderModelHandler - Processing appender named [RollingFile]
10:33:19,881 |-INFO in ch.qos.logback.core.model.processor.AppenderModelHandler - About to instantiate appender of type [ch.qos.logback.core.rolling.RollingFileAppender]
10:33:19,886 |-INFO in c.q.l.core.rolling.TimeBasedRollingPolicy@525575644 - No compression will be used
10:33:19,887 |-INFO in c.q.l.core.rolling.TimeBasedRollingPolicy@525575644 - Will use the pattern ./logs/archived/spring-boot-logger-%d{yyyy-MM-dd}.%i.log for the active file
10:33:19,899 |-INFO in ch.qos.logback.core.rolling.SizeAndTimeBasedFNATP@1b75c2e3 - The date pattern is 'yyyy-MM-dd' from file name pattern './logs/archived/spring-boot-logger-%d{yyyy-MM-dd}.%i.log'.
10:33:19,899 |-INFO in ch.qos.logback.core.rolling.SizeAndTimeBasedFNATP@1b75c2e3 - Roll-over at midnight.
10:33:19,903 |-INFO in ch.qos.logback.core.rolling.SizeAndTimeBasedFNATP@1b75c2e3 - Setting initial period to 2025-04-03T16:50:08.439Z
10:33:19,903 |-WARN in ch.qos.logback.core.rolling.SizeAndTimeBasedFNATP@1b75c2e3 - SizeAndTimeBasedFNATP is deprecated. Use SizeAndTimeBasedRollingPolicy instead
10:33:19,903 |-WARN in ch.qos.logback.core.rolling.SizeAndTimeBasedFNATP@1b75c2e3 - For more information see http://logback.qos.ch/manual/appenders.html#SizeAndTimeBasedRollingPolicy
10:33:19,905 |-INFO in ch.qos.logback.core.rolling.RollingFileAppender[RollingFile] - Active log file name: ./logs/spring-boot-logger.log
10:33:19,905 |-INFO in ch.qos.logback.core.rolling.RollingFileAppender[RollingFile] - File property is set to [./logs/spring-boot-logger.log]
10:33:19,905 |-INFO in ch.qos.logback.classic.model.processor.RootLoggerModelHandler - Setting level of ROOT logger to INFO
10:33:19,905 |-INFO in ch.qos.logback.core.model.processor.AppenderRefModelHandler - Attaching appender named [RollingFile] to Logger[ROOT]
10:33:19,905 |-INFO in ch.qos.logback.core.model.processor.AppenderRefModelHandler - Attaching appender named [Console] to Logger[ROOT]
10:33:19,906 |-INFO in ch.qos.logback.classic.model.processor.LoggerModelHandler - Setting level of logger [com.gcu] to TRACE
10:33:19,907 |-INFO in ch.qos.logback.classic.model.processor.LoggerModelHandler - Setting additivity of logger [com.gcu] to false
10:33:19,907 |-INFO in ch.qos.logback.core.model.processor.AppenderRefModelHandler - Attaching appender named [RollingFile] to Logger[com.gcu]
10:33:19,907 |-INFO in ch.qos.logback.core.model.processor.AppenderRefModelHandler - Attaching appender named [GcuConsole] to Logger[com.gcu]
10:33:19,907 |-INFO in ch.qos.logback.core.model.processor.DefaultProcessor@1984b1f - End of configuration.
10:33:19,907 |-INFO in ch.qos.logback.classic.joran.JoranConfigurator@3bd323e9 - Registering current configuration as safe fallback point
10:33:19,907 |-INFO in ch.qos.logback.classic.util.ContextInitializer@413f69cc - ch.qos.logback.classic.util.DefaultJoranConfigurator.configure() call lasted 96 milliseconds. ExecutionStatus=DO_NOT_INVOKE_NEXT_IF_ANY

10:33:19.949 [main] INFO  o.s.t.c.s.AnnotationConfigContextLoaderUtils - Could not detect default configuration classes for test class [com.gcu.Topic43ApplicationTests]: Topic43ApplicationTests does not declare any static, non-private, non-final, nested classes annotated with @Configuration.
10:33:20.013 [main] INFO  o.s.b.t.c.SpringBootTestContextBootstrapper - Found @SpringBootConfiguration com.gcu.Topic43Application for test class com.gcu.Topic43ApplicationTests
10:33:20.091 [main] INFO  o.s.b.d.r.RestartApplicationListener - Restart disabled due to context in which it is running
10:33:20,168 |-INFO in ch.qos.logback.core.model.processor.AppenderModelHandler - Processing appender named [Console]
10:33:20,168 |-INFO in ch.qos.logback.core.model.processor.AppenderModelHandler - About to instantiate appender of type [ch.qos.logback.core.ConsoleAppender]
10:33:20,168 |-WARN in ch.qos.logback.core.ConsoleAppender[Console] - This appender no longer admits a layout as a sub-component, set an encoder instead.
10:33:20,168 |-WARN in ch.qos.logback.core.ConsoleAppender[Console] - To ensure compatibility, wrapping your layout in LayoutWrappingEncoder.
10:33:20,168 |-WARN in ch.qos.logback.core.ConsoleAppender[Console] - See also http://logback.qos.ch/codes.html#layoutInsteadOfEncoder for details
10:33:20,168 |-INFO in ch.qos.logback.core.model.processor.AppenderModelHandler - Processing appender named [GcuConsole]
10:33:20,168 |-INFO in ch.qos.logback.core.model.processor.AppenderModelHandler - About to instantiate appender of type [ch.qos.logback.core.ConsoleAppender]
10:33:20,169 |-WARN in ch.qos.logback.core.ConsoleAppender[GcuConsole] - This appender no longer admits a layout as a sub-component, set an encoder instead.
10:33:20,169 |-WARN in ch.qos.logback.core.ConsoleAppender[GcuConsole] - To ensure compatibility, wrapping your layout in LayoutWrappingEncoder.
10:33:20,169 |-WARN in ch.qos.logback.core.ConsoleAppender[GcuConsole] - See also http://logback.qos.ch/codes.html#layoutInsteadOfEncoder for details
10:33:20,169 |-INFO in ch.qos.logback.core.model.processor.AppenderModelHandler - Processing appender named [RollingFile]
10:33:20,169 |-INFO in ch.qos.logback.core.model.processor.AppenderModelHandler - About to instantiate appender of type [ch.qos.logback.core.rolling.RollingFileAppender]
10:33:20,169 |-INFO in c.q.l.core.rolling.TimeBasedRollingPolicy@1857007886 - No compression will be used
10:33:20,169 |-INFO in c.q.l.core.rolling.TimeBasedRollingPolicy@1857007886 - Will use the pattern ./logs/archived/spring-boot-logger-%d{yyyy-MM-dd}.%i.log for the active file
10:33:20,169 |-INFO in ch.qos.logback.core.rolling.SizeAndTimeBasedFNATP@26a94fa5 - The date pattern is 'yyyy-MM-dd' from file name pattern './logs/archived/spring-boot-logger-%d{yyyy-MM-dd}.%i.log'.
10:33:20,169 |-INFO in ch.qos.logback.core.rolling.SizeAndTimeBasedFNATP@26a94fa5 - Roll-over at midnight.
10:33:20,170 |-INFO in ch.qos.logback.core.rolling.SizeAndTimeBasedFNATP@26a94fa5 - Setting initial period to 2025-04-03T17:33:20.091Z
10:33:20,170 |-WARN in ch.qos.logback.core.rolling.SizeAndTimeBasedFNATP@26a94fa5 - SizeAndTimeBasedFNATP is deprecated. Use SizeAndTimeBasedRollingPolicy instead
10:33:20,170 |-WARN in ch.qos.logback.core.rolling.SizeAndTimeBasedFNATP@26a94fa5 - For more information see http://logback.qos.ch/manual/appenders.html#SizeAndTimeBasedRollingPolicy
10:33:20,170 |-INFO in ch.qos.logback.core.rolling.RollingFileAppender[RollingFile] - Active log file name: ./logs/spring-boot-logger.log
10:33:20,170 |-INFO in ch.qos.logback.core.rolling.RollingFileAppender[RollingFile] - File property is set to [./logs/spring-boot-logger.log]
10:33:20,170 |-INFO in ch.qos.logback.classic.model.processor.RootLoggerModelHandler - Setting level of ROOT logger to INFO
10:33:20,170 |-INFO in ch.qos.logback.classic.jul.LevelChangePropagator@464a4442 - Propagating INFO level on Logger[ROOT] onto the JUL framework
10:33:20,170 |-INFO in ch.qos.logback.core.model.processor.AppenderRefModelHandler - Attaching appender named [RollingFile] to Logger[ROOT]
10:33:20,170 |-INFO in ch.qos.logback.core.model.processor.AppenderRefModelHandler - Attaching appender named [Console] to Logger[ROOT]
10:33:20,170 |-INFO in ch.qos.logback.classic.model.processor.LoggerModelHandler - Setting level of logger [com.gcu] to TRACE
10:33:20,170 |-INFO in ch.qos.logback.classic.jul.LevelChangePropagator@464a4442 - Propagating TRACE level on Logger[com.gcu] onto the JUL framework
10:33:20,170 |-INFO in ch.qos.logback.classic.model.processor.LoggerModelHandler - Setting additivity of logger [com.gcu] to false
10:33:20,170 |-INFO in ch.qos.logback.core.model.processor.AppenderRefModelHandler - Attaching appender named [RollingFile] to Logger[com.gcu]
10:33:20,170 |-INFO in ch.qos.logback.core.model.processor.AppenderRefModelHandler - Attaching appender named [GcuConsole] to Logger[com.gcu]
10:33:20,170 |-INFO in ch.qos.logback.core.model.processor.DefaultProcessor@2873d672 - End of configuration.
10:33:20,170 |-INFO in org.springframework.boot.logging.logback.SpringBootJoranConfigurator@3bc735b3 - Registering current configuration as safe fallback point


  .   ____          _            __ _ _
 /\\ / ___'_ __ _ _(_)_ __  __ _ \ \ \ \
( ( )\___ | '_ | '_| | '_ \/ _` | \ \ \ \
 \\/  ___)| |_)| | | | | || (_| |  ) ) ) )
  '  |____| .__|_| |_|_| |_\__, | / / / /
 =========|_|==============|___/=/_/_/_/
&amp#27;[32m :: Spring Boot :: &amp#27;[39m              &amp#27;[2m (v3.2.2)&amp#27;[0;39m

10:33:20.186 [background-preinit] INFO  o.h.validator.internal.util.Version - HV000001: Hibernate Validator 8.0.1.Final
10:33:20.603 [main] INFO  o.s.d.r.c.RepositoryConfigurationDelegate - Bootstrapping Spring Data JDBC repositories in DEFAULT mode.
10:33:20.636 [main] INFO  o.s.d.r.c.RepositoryConfigurationDelegate - Finished Spring Data repository scanning in 30 ms. Found 1 JDBC repository interface.
10:33:20.875 [main] INFO  com.zaxxer.hikari.HikariDataSource - HikariPool-1 - Starting...
10:33:21.392 [main] INFO  com.zaxxer.hikari.pool.HikariPool - HikariPool-1 - Added connection com.mysql.cj.jdbc.ConnectionImpl@749baa0c
10:33:21.394 [main] INFO  com.zaxxer.hikari.HikariDataSource - HikariPool-1 - Start completed.
Calling init() method from OrderBusinessService class
]]></system-out>
    <system-err><![CDATA[WARNING: A Java agent has been loaded dynamically (/Users/amypark/.m2/repository/net/bytebuddy/byte-buddy-agent/1.14.11/byte-buddy-agent-1.14.11.jar)
WARNING: If a serviceability tool is in use, please run with -XX:+EnableDynamicAgentLoading to hide this warning
WARNING: If a serviceability tool is not in use, please run with -Djdk.instrument.traceUsage for more information
WARNING: Dynamic loading of agents will be disallowed by default in a future release
]]></system-err>
  </testcase>
</testsuite>